[debug] [2023-04-07T16:41:57.034Z] ----------------------------------------------------------------------
[debug] [2023-04-07T16:41:57.035Z] Command:       C:\Program Files\nodejs\node.exe C:\Users\deepak kumar\AppData\Roaming\npm\node_modules\firebase-tools\lib\bin\firebase.js init
[debug] [2023-04-07T16:41:57.036Z] CLI Version:   11.25.3
[debug] [2023-04-07T16:41:57.036Z] Platform:      win32
[debug] [2023-04-07T16:41:57.036Z] Node Version:  v16.14.0
[debug] [2023-04-07T16:41:57.037Z] Time:          Fri Apr 07 2023 22:11:57 GMT+0530 (India Standard Time)
[debug] [2023-04-07T16:41:57.037Z] ----------------------------------------------------------------------
[debug] 
[debug] [2023-04-07T16:41:57.039Z] >>> [apiv2][query] GET https://firebase-public.firebaseio.com/cli.json [none]
[debug] [2023-04-07T16:41:57.056Z] > command requires scopes: ["email","openid","https://www.googleapis.com/auth/cloudplatformprojects.readonly","https://www.googleapis.com/auth/firebase","https://www.googleapis.com/auth/cloud-platform"]
[debug] [2023-04-07T16:41:57.057Z] > authorizing via signed-in user (harshitalkadeep@gmail.com)
[info] 
     ######## #### ########  ######## ########     ###     ######  ########
     ##        ##  ##     ## ##       ##     ##  ##   ##  ##       ##
     ######    ##  ########  ######   ########  #########  ######  ######
     ##        ##  ##    ##  ##       ##     ## ##     ##       ## ##
     ##       #### ##     ## ######## ########  ##     ##  ######  ########

You're about to initialize a Firebase project in this directory:

  C:\Users\deepak kumar\OneDrive\Documents\GitHub\Event_AI_FR

[debug] [2023-04-07T16:41:57.716Z] <<< [apiv2][status] GET https://firebase-public.firebaseio.com/cli.json 200
[debug] [2023-04-07T16:41:57.716Z] <<< [apiv2][body] GET https://firebase-public.firebaseio.com/cli.json {"cloudBuildErrorAfter":1594252800000,"cloudBuildWarnAfter":1590019200000,"defaultNode10After":1594252800000,"minVersion":"3.0.5","node8DeploysDisabledAfter":1613390400000,"node8RuntimeDisabledAfter":1615809600000,"node8WarnAfter":1600128000000}
[info] 
=== Project Setup
[info] 
[info] First, let's associate this project directory with a Firebase project.
[info] You can create multiple project aliases by running firebase use --add, 
[info] but for now we'll just set up a default project.
[info] 
[debug] [2023-04-07T16:42:47.207Z] > refreshing access token with scopes: []
[debug] [2023-04-07T16:42:47.208Z] >>> [apiv2][query] POST https://www.googleapis.com/oauth2/v3/token [none]
[debug] [2023-04-07T16:42:47.208Z] >>> [apiv2][body] POST https://www.googleapis.com/oauth2/v3/token [omitted]
[debug] [2023-04-07T16:42:47.442Z] <<< [apiv2][status] POST https://www.googleapis.com/oauth2/v3/token 200
[debug] [2023-04-07T16:42:47.442Z] <<< [apiv2][body] POST https://www.googleapis.com/oauth2/v3/token [omitted]
[debug] [2023-04-07T16:42:47.451Z] >>> [apiv2][query] GET https://firebase.googleapis.com/v1beta1/projects pageSize=100
[debug] [2023-04-07T16:42:48.329Z] <<< [apiv2][status] GET https://firebase.googleapis.com/v1beta1/projects 200
[debug] [2023-04-07T16:42:48.329Z] <<< [apiv2][body] GET https://firebase.googleapis.com/v1beta1/projects [omitted]
[info] i  Using project aiclub-event (AIClub-Event) 
[info] 
=== Hosting Setup
[info] 
[info] Your public directory is the folder (relative to your project directory) that
[info] will contain Hosting assets to be uploaded with firebase deploy. If you
[info] have a build process for your assets, use your build's output directory.
[info] 
[info] +  Wrote public/404.html 
[debug] [2023-04-07T16:44:30.163Z] >>> [apiv2][query] GET https://www.gstatic.com/firebasejs/releases.json [none]
[debug] [2023-04-07T16:44:30.343Z] <<< [apiv2][status] GET https://www.gstatic.com/firebasejs/releases.json 200
[debug] [2023-04-07T16:44:30.344Z] <<< [apiv2][body] GET https://www.gstatic.com/firebasejs/releases.json {"current":{"version":"9.19.1","browserURL":"https://www.gstatic.com/firebasejs/9.19.1/firebase.js","packageURL":"https://www.gstatic.com/firebasejs/9.19.1/firebase.tgz"},"live":{"version":"9.19","browserURL":"https://www.gstatic.com/firebasejs/live/9.19/firebase.js","packageURL":"https://www.gstatic.com/firebasejs/live/9.19/firebase.tgz"},"components":{"analytics":"https://www.gstatic.com/firebasejs/9.19.1/firebase-analytics.js","app":"https://www.gstatic.com/firebasejs/9.19.1/firebase-app.js","app-check":"https://www.gstatic.com/firebasejs/9.19.1/firebase-app-check.js","auth":"https://www.gstatic.com/firebasejs/9.19.1/firebase-auth.js","auth/cordova":"https://www.gstatic.com/firebasejs/9.19.1/firebase-auth/cordova.js","auth/react-native":"https://www.gstatic.com/firebasejs/9.19.1/firebase-auth/react-native.js","functions":"https://www.gstatic.com/firebasejs/9.19.1/firebase-functions.js","firestore":"https://www.gstatic.com/firebasejs/9.19.1/firebase-firestore.js","firestore/lite":"https://www.gstatic.com/firebasejs/9.19.1/firebase-firestore/lite.js","installations":"https://www.gstatic.com/firebasejs/9.19.1/firebase-installations.js","storage":"https://www.gstatic.com/firebasejs/9.19.1/firebase-storage.js","performance":"https://www.gstatic.com/firebasejs/9.19.1/firebase-performance.js","remote-config":"https://www.gstatic.com/firebasejs/9.19.1/firebase-remote-config.js","messaging":"https://www.gstatic.com/firebasejs/9.19.1/firebase-messaging.js","messaging/sw":"https://www.gstatic.com/firebasejs/9.19.1/firebase-messaging/sw.js","database":"https://www.gstatic.com/firebasejs/9.19.1/firebase-database.js","firestore.memory":"https://www.gstatic.com/firebasejs/9.19.1/firebase-firestore.memory.js"}}
[info] +  Wrote public/index.html 
[info] 
[info] i  Detected a .git folder at C:\Users\deepak kumar\OneDrive\Documents\GitHub\Event_AI_FR 
[info] i  Authorizing with GitHub to upload your service account to a GitHub repository's secrets store. 
[info] 
[info] Visit this URL on this device to log in:
[info] https://github.com/login/oauth/authorize?client_id=89cf50f02ac6aaed3484&state=316545358&redirect_uri=http%3A%2F%2Flocalhost%3A9005&scope=read%3Auser%20repo%20public_repo
[info] 
[info] Waiting for authentication...
[debug] [2023-04-07T16:44:31.130Z] >>> [apiv2][query] POST https://github.com/login/oauth/access_token [none]
[debug] [2023-04-07T16:44:31.131Z] >>> [apiv2][body] POST https://github.com/login/oauth/access_token [stream]
[debug] [2023-04-07T16:44:31.547Z] <<< [apiv2][status] POST https://github.com/login/oauth/access_token 200
[debug] [2023-04-07T16:44:31.547Z] <<< [apiv2][body] POST https://github.com/login/oauth/access_token {"access_token":"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","token_type":"bearer","scope":"read:user,repo"}
[debug] [2023-04-07T16:44:31.558Z] >>> [apiv2][query] GET https://api.github.com/user [none]
[debug] [2023-04-07T16:44:31.977Z] <<< [apiv2][status] GET https://api.github.com/user 200
[debug] [2023-04-07T16:44:31.977Z] <<< [apiv2][body] GET https://api.github.com/user {"login":"acecoder7","id":98738210,"node_id":"U_kgDOBeKgIg","avatar_url":"https://avatars.githubusercontent.com/u/98738210?v=4","gravatar_id":"","url":"https://api.github.com/users/acecoder7","html_url":"https://github.com/acecoder7","followers_url":"https://api.github.com/users/acecoder7/followers","following_url":"https://api.github.com/users/acecoder7/following{/other_user}","gists_url":"https://api.github.com/users/acecoder7/gists{/gist_id}","starred_url":"https://api.github.com/users/acecoder7/starred{/owner}{/repo}","subscriptions_url":"https://api.github.com/users/acecoder7/subscriptions","organizations_url":"https://api.github.com/users/acecoder7/orgs","repos_url":"https://api.github.com/users/acecoder7/repos","events_url":"https://api.github.com/users/acecoder7/events{/privacy}","received_events_url":"https://api.github.com/users/acecoder7/received_events","type":"User","site_admin":false,"name":"Harshita Deep","company":"Indira Gandhi Delhi Technical University for Women ","blog":"","location":null,"email":null,"hireable":null,"bio":"I'm Harshita:-), a passionate develop(her) & programmer. I code in Python and Java. Let's create something great together!^_^","twitter_username":null,"public_repos":23,"public_gists":0,"followers":0,"following":2,"created_at":"2022-01-31T09:06:36Z","updated_at":"2023-03-20T13:43:06Z","private_gists":0,"total_private_repos":5,"owned_private_repos":5,"disk_usage":165980,"collaborators":0,"two_factor_authentication":false,"plan":{"name":"free","space":976562499,"collaborators":0,"private_repos":10000}}
[info] 
[info] +  Success! Logged into GitHub as acecoder7 
[info] 
